# JRE version: Java(TM) SE Runtime Environment (8.0_112-b16) (build 1.8.0_112-b16)
# Java VM: Java HotSpot(TM) 64-Bit Server VM (25.112-b16 mixed mode bsd-amd64 compressed oops)
Heap:
 PSYoungGen      total 76288K, used 5471K [0x000000076ab00000, 0x0000000770000000, 0x00000007c0000000)
  eden space 65536K, 8% used [0x000000076ab00000,0x000000076b057f20,0x000000076eb00000)
  from space 10752K, 0% used [0x000000076f580000,0x000000076f580000,0x0000000770000000)
  to   space 10752K, 0% used [0x000000076eb00000,0x000000076eb00000,0x000000076f580000)
 ParOldGen       total 74240K, used 8566K [0x00000006c0000000, 0x00000006c4880000, 0x000000076ab00000)
  object space 74240K, 11% used [0x00000006c0000000,0x00000006c085dbb0,0x00000006c4880000)
 Metaspace       used 21986K, capacity 22712K, committed 22912K, reserved 1069056K
  class space    used 2987K, capacity 3181K, committed 3200K, reserved 1048576K
GC Heap History (6 events):
Event: 33.067 GC heap before
{Heap before GC invocations=1 (full 0):
 PSYoungGen      total 76288K, used 65536K [0x000000076ab00000, 0x0000000770000000, 0x00000007c0000000)
  eden space 65536K, 100% used [0x000000076ab00000,0x000000076eb00000,0x000000076eb00000)
  from space 10752K, 0% used [0x000000076f580000,0x000000076f580000,0x0000000770000000)
  to   space 10752K, 0% used [0x000000076eb00000,0x000000076eb00000,0x000000076f580000)
 ParOldGen       total 175104K, used 0K [0x00000006c0000000, 0x00000006cab00000, 0x000000076ab00000)
  object space 175104K, 0% used [0x00000006c0000000,0x00000006c0000000,0x00000006cab00000)
 Metaspace       used 18151K, capacity 18618K, committed 18816K, reserved 1064960K
  class space    used 2250K, capacity 2392K, committed 2432K, reserved 1048576K
Event: 33.076 GC heap after
Heap after GC invocations=1 (full 0):
 PSYoungGen      total 76288K, used 10134K [0x000000076ab00000, 0x0000000770000000, 0x00000007c0000000)
  eden space 65536K, 0% used [0x000000076ab00000,0x000000076ab00000,0x000000076eb00000)
  from space 10752K, 94% used [0x000000076eb00000,0x000000076f4e5b98,0x000000076f580000)
  to   space 10752K, 0% used [0x000000076f580000,0x000000076f580000,0x0000000770000000)
 ParOldGen       total 175104K, used 88K [0x00000006c0000000, 0x00000006cab00000, 0x000000076ab00000)
  object space 175104K, 0% used [0x00000006c0000000,0x00000006c0016010,0x00000006cab00000)
 Metaspace       used 18151K, capacity 18618K, committed 18816K, reserved 1064960K
  class space    used 2250K, capacity 2392K, committed 2432K, reserved 1048576K
}
Event: 48.527 GC heap before
{Heap before GC invocations=2 (full 0):
 PSYoungGen      total 76288K, used 22156K [0x000000076ab00000, 0x0000000770000000, 0x00000007c0000000)
  eden space 65536K, 18% used [0x000000076ab00000,0x000000076b6bd7a8,0x000000076eb00000)
  from space 10752K, 94% used [0x000000076eb00000,0x000000076f4e5b98,0x000000076f580000)
  to   space 10752K, 0% used [0x000000076f580000,0x000000076f580000,0x0000000770000000)
 ParOldGen       total 175104K, used 88K [0x00000006c0000000, 0x00000006cab00000, 0x000000076ab00000)
  object space 175104K, 0% used [0x00000006c0000000,0x00000006c0016010,0x00000006cab00000)
 Metaspace       used 20565K, capacity 21146K, committed 21296K, reserved 1067008K
  class space    used 2657K, capacity 2852K, committed 2944K, reserved 1048576K
Event: 48.535 GC heap after
Heap after GC invocations=2 (full 0):
 PSYoungGen      total 76288K, used 8730K [0x000000076ab00000, 0x0000000770000000, 0x00000007c0000000)
  eden space 65536K, 0% used [0x000000076ab00000,0x000000076ab00000,0x000000076eb00000)
  from space 10752K, 81% used [0x000000076f580000,0x000000076fe06b08,0x0000000770000000)
  to   space 10752K, 0% used [0x000000076eb00000,0x000000076eb00000,0x000000076f580000)
 ParOldGen       total 175104K, used 96K [0x00000006c0000000, 0x00000006cab00000, 0x000000076ab00000)
  object space 175104K, 0% used [0x00000006c0000000,0x00000006c0018010,0x00000006cab00000)
 Metaspace       used 20565K, capacity 21146K, committed 21296K, reserved 1067008K
  class space    used 2657K, capacity 2852K, committed 2944K, reserved 1048576K
}
Event: 48.535 GC heap before
{Heap before GC invocations=3 (full 1):
 PSYoungGen      total 76288K, used 8730K [0x000000076ab00000, 0x0000000770000000, 0x00000007c0000000)
  eden space 65536K, 0% used [0x000000076ab00000,0x000000076ab00000,0x000000076eb00000)
  from space 10752K, 81% used [0x000000076f580000,0x000000076fe06b08,0x0000000770000000)
  to   space 10752K, 0% used [0x000000076eb00000,0x000000076eb00000,0x000000076f580000)
 ParOldGen       total 175104K, used 96K [0x00000006c0000000, 0x00000006cab00000, 0x000000076ab00000)
  object space 175104K, 0% used [0x00000006c0000000,0x00000006c0018010,0x00000006cab00000)
 Metaspace       used 20565K, capacity 21146K, committed 21296K, reserved 1067008K
  class space    used 2657K, capacity 2852K, committed 2944K, reserved 1048576K
Event: 48.564 GC heap after
Heap after GC invocations=3 (full 1):
 PSYoungGen      total 76288K, used 0K [0x000000076ab00000, 0x0000000770000000, 0x00000007c0000000)
  eden space 65536K, 0% used [0x000000076ab00000,0x000000076ab00000,0x000000076eb00000)
  from space 10752K, 0% used [0x000000076f580000,0x000000076f580000,0x0000000770000000)
  to   space 10752K, 0% used [0x000000076eb00000,0x000000076eb00000,0x000000076f580000)
 ParOldGen       total 74240K, used 8566K [0x00000006c0000000, 0x00000006c4880000, 0x000000076ab00000)
  object space 74240K, 11% used [0x00000006c0000000,0x00000006c085dbb0,0x00000006c4880000)
 Metaspace       used 20565K, capacity 21146K, committed 21296K, reserved 1067008K
  class space    used 2657K, capacity 2852K, committed 2944K, reserved 1048576K
}

